<?xml version="1.0" encoding="UTF-8"?>
<!-- Generated by org.testng.reporters.JUnitXMLReporter -->
<testsuite ignored="0" hostname="DESKTOP-L8S0V59" failures="0" tests="0" name="Login Tests" time="1.419" errors="0" timestamp="2026-03-31T11:27:08 IST">
  <testcase classname="testCases.baseClass" name="@BeforeClass setup" time="-1.774936620786E9">
    <failure type="org.testng.TestNGException" message="
Parameter &amp;apos;os&amp;apos; is required by BeforeClass on method setup but has not been marked @Optional or defined
in D:\Selenium_Workspace(New)\Eclipse_Workspace\Assaignment_2\testng.xml">
      <![CDATA[org.testng.TestNGException: 
Parameter 'os' is required by BeforeClass on method setup but has not been marked @Optional or defined
in D:\Selenium_Workspace(New)\Eclipse_Workspace\Assaignment_2\testng.xml
at java.base/java.util.ArrayList.forEach(ArrayList.java:1596)
... Removed 22 stack frames]]>
    </failure>
  </testcase> <!-- @BeforeClass setup -->
  <testcase classname="testCases.baseClass" name="@AfterClass tearDown" time="0.0">
    <skipped/>
  </testcase> <!-- @AfterClass tearDown -->
</testsuite> <!-- Login Tests -->
