<?xml version="1.0" encoding="UTF-8"?>
<testng-results ignored="0" total="1" passed="1" failed="0" skipped="0">
  <reporter-output>
  </reporter-output>
  <suite started-at="2026-03-31T00:55:28 IST" name="Suite" finished-at="2026-03-31T00:55:49 IST" duration-ms="20777">
    <groups>
    </groups>
    <test started-at="2026-03-31T00:55:28 IST" name="Chrome Test" finished-at="2026-03-31T00:55:49 IST" duration-ms="20777">
      <class name="testCases.TC02_ProductTest">
        <test-method is-config="true" signature="setup(java.lang.String,java.lang.String)[pri:0, instance:testCases.TC02_ProductTest@1ce24091]" started-at="2026-03-31T00:55:28 IST" name="setup" finished-at="2026-03-31T00:55:34 IST" duration-ms="5722" status="PASS">
          <params>
            <param index="0">
              <value>
                <![CDATA[Windows]]>
              </value>
            </param>
            <param index="1">
              <value>
                <![CDATA[chrome]]>
              </value>
            </param>
          </params>
          <reporter-output>
          </reporter-output>
        </test-method> <!-- setup -->
        <test-method signature="product_test()[pri:0, instance:testCases.TC02_ProductTest@1ce24091]" started-at="2026-03-31T00:55:34 IST" name="product_test" finished-at="2026-03-31T00:55:46 IST" duration-ms="12265" status="PASS">
          <reporter-output>
          </reporter-output>
        </test-method> <!-- product_test -->
        <test-method is-config="true" signature="tearDown()[pri:0, instance:testCases.TC02_ProductTest@1ce24091]" started-at="2026-03-31T00:55:46 IST" name="tearDown" finished-at="2026-03-31T00:55:49 IST" duration-ms="2706" status="PASS">
          <reporter-output>
          </reporter-output>
        </test-method> <!-- tearDown -->
      </class> <!-- testCases.TC02_ProductTest -->
    </test> <!-- Chrome Test -->
  </suite> <!-- Suite -->
</testng-results>
